<?xml version="1.0" encoding="UTF-8"?>
<testng-results ignored="0" total="1" passed="1" failed="0" skipped="0">
  <reporter-output>
  </reporter-output>
  <suite started-at="2026-07-30T16:21:49 GMT+07:00" name="Manh Hung Automation Suite" finished-at="2026-07-30T16:21:49 GMT+07:00" duration-ms="88">
    <groups>
    </groups>
    <test started-at="2026-07-30T16:21:49 GMT+07:00" name="Setup Test" finished-at="2026-07-30T16:21:49 GMT+07:00" duration-ms="88">
      <class name="tests.SetupTest">
        <test-method signature="verifyTestNgSetup()[pri:0, instance:tests.SetupTest@6f3b5d16]" started-at="2026-07-30T16:21:49 GMT+07:00" name="verifyTestNgSetup" finished-at="2026-07-30T16:21:49 GMT+07:00" duration-ms="14" status="PASS">
          <reporter-output>
          </reporter-output>
        </test-method> <!-- verifyTestNgSetup -->
      </class> <!-- tests.SetupTest -->
    </test> <!-- Setup Test -->
  </suite> <!-- Manh Hung Automation Suite -->
</testng-results>
